<?xml version="1.0" encoding="utf-8"?>
<test-run id="2" name="Test.exe" fullname="C:/Users/jsiedersberger/Documents/GitHub/AVL-Tree/AVLTree/Test/bin/Debug/Test.exe" testcasecount="5" result="Failed" start-time="2018-05-30 11:53:40Z" end-time="2018-05-30 11:53:40Z" duration="0.436651" total="5" passed="4" failed="1" inconclusive="0" skipped="0" asserts="19" random-seed="1944104282">
  <command-line><![CDATA["C:\Users\jsiedersberger\Documents\GitHub\AVL-Tree\AVLTree\Test\bin\Debug\Test.exe"]]></command-line>
  <filter />
  <test-suite type="Assembly" id="1006" name="Test.exe" fullname="C:/Users/jsiedersberger/Documents/GitHub/AVL-Tree/AVLTree/Test/bin/Debug/Test.exe" runstate="Runnable" testcasecount="5" result="Failed" site="Child" start-time="2018-05-30 11:53:40Z" end-time="2018-05-30 11:53:40Z" duration="0.436651" total="5" passed="4" failed="1" warnings="0" inconclusive="0" skipped="0" asserts="19">
    <environment framework-version="3.7.1.0" clr-version="4.0.30319.42000" os-version="Microsoft Windows NT 6.2.9200.0" platform="Win32NT" cwd="C:\Users\jsiedersberger\Documents\GitHub\AVL-Tree\AVLTree\Test" machine-name="W-SIEDERSB-10" user="jsiedersberger" user-domain="DE" culture="de-DE" uiculture="de-DE" os-architecture="x86" />
    <settings>
      <setting name="WorkDirectory" value="C:\Users\jsiedersberger\Documents\GitHub\AVL-Tree\AVLTree\Test" />
      <setting name="NumberOfTestWorkers" value="2" />
    </settings>
    <properties>
      <property name="_PID" value="12652" />
      <property name="_APPDOMAIN" value="Test.exe" />
    </properties>
    <failure>
      <message><![CDATA[One or more child tests had errors]]></message>
    </failure>
    <test-suite type="TestSuite" id="1007" name="Test" fullname="Test" runstate="Runnable" testcasecount="5" result="Failed" site="Child" start-time="2018-05-30 11:53:40Z" end-time="2018-05-30 11:53:40Z" duration="0.391638" total="5" passed="4" failed="1" warnings="0" inconclusive="0" skipped="0" asserts="19">
      <failure>
        <message><![CDATA[One or more child tests had errors]]></message>
      </failure>
      <test-suite type="TestFixture" id="1000" name="Test" fullname="Test.Test" classname="Test.Test" runstate="Runnable" testcasecount="5" result="Failed" site="Child" start-time="2018-05-30 11:53:40Z" end-time="2018-05-30 11:53:40Z" duration="0.363489" total="5" passed="4" failed="1" warnings="0" inconclusive="0" skipped="0" asserts="19">
        <failure>
          <message><![CDATA[One or more child tests had errors]]></message>
        </failure>
        <test-case id="1005" name="TestDelete" fullname="Test.Test.TestDelete" methodname="TestDelete" classname="Test.Test" runstate="Runnable" seed="324506864" result="Failed" start-time="2018-05-30 11:53:40Z" end-time="2018-05-30 11:53:40Z" duration="0.214039" asserts="1">
          <failure>
            <message><![CDATA[  Expected: 9
  But was:  11
]]></message>
            <stack-trace><![CDATA[bei Test.Test.TestDelete() in C:\Users\jsiedersberger\Documents\GitHub\AVL-Tree\AVLTree\Test\Test.cs:Zeile 94.
]]></stack-trace>
          </failure>
          <assertions>
            <assertion result="Failed">
              <message><![CDATA[  Expected: 9
  But was:  11
]]></message>
              <stack-trace><![CDATA[bei Test.Test.TestDelete() in C:\Users\jsiedersberger\Documents\GitHub\AVL-Tree\AVLTree\Test\Test.cs:Zeile 94.
]]></stack-trace>
            </assertion>
          </assertions>
        </test-case>
        <test-case id="1001" name="TestRotateLeft" fullname="Test.Test.TestRotateLeft" methodname="TestRotateLeft" classname="Test.Test" runstate="Runnable" seed="476703103" result="Passed" start-time="2018-05-30 11:53:40Z" end-time="2018-05-30 11:53:40Z" duration="0.000921" asserts="3" />
        <test-case id="1003" name="TestRotateLeftRight" fullname="Test.Test.TestRotateLeftRight" methodname="TestRotateLeftRight" classname="Test.Test" runstate="Runnable" seed="2024766982" result="Passed" start-time="2018-05-30 11:53:40Z" end-time="2018-05-30 11:53:40Z" duration="0.001157" asserts="6" />
        <test-case id="1002" name="TestRotateRight" fullname="Test.Test.TestRotateRight" methodname="TestRotateRight" classname="Test.Test" runstate="Runnable" seed="1316922075" result="Passed" start-time="2018-05-30 11:53:40Z" end-time="2018-05-30 11:53:40Z" duration="0.000871" asserts="3" />
        <test-case id="1004" name="TestRotateRightLeft" fullname="Test.Test.TestRotateRightLeft" methodname="TestRotateRightLeft" classname="Test.Test" runstate="Runnable" seed="1995455570" result="Passed" start-time="2018-05-30 11:53:40Z" end-time="2018-05-30 11:53:40Z" duration="0.001138" asserts="6" />
      </test-suite>
    </test-suite>
  </test-suite>
</test-run>